<?xml version="1.0" encoding="UTF-8"?>
<testsuite name="org.javamoney.cdi.SmokeTest" time="2.496" tests="5" errors="0" skipped="0" failures="0">
  <properties>
[...]
</properties>
  <testcase name="testCurrencyAccess" classname="org.javamoney.cdi.SmokeTest" time="0.157"/>
  <testcase name="testAmountFormatRoundTrip" classname="org.javamoney.cdi.SmokeTest" time="0.076"/>
  <testcase name="testCreateMoney" classname="org.javamoney.cdi.SmokeTest" time="0.008"/>
  <testcase name="testExchange" classname="org.javamoney.cdi.SmokeTest" time="2.253"/>
  <testcase name="testCreateAmounts" classname="org.javamoney.cdi.SmokeTest" time="0.002"/>
</testsuite>